<?xml version="1.0" encoding="UTF-8"?>
<!-- Generated by org.testng.reporters.JUnitXMLReporter -->
<testsuite hostname="Dibas-PC" ignored="0" name="Default test" tests="4" failures="0" timestamp="16 Apr 2018 08:43:07 GMT" time="0.351" errors="0">
  <testcase name="loginTest" time="0.11" classname="com.test.apiautomation.LoginAPITest"/>
  <testcase name="loginTest" time="0.037" classname="com.test.apiautomation.LoginAPITest"/>
  <testcase name="loginTest" time="0.018" classname="com.test.apiautomation.LoginAPITest"/>
  <testcase name="loginTest" time="0.008" classname="com.test.apiautomation.LoginAPITest"/>
</testsuite> <!-- Default test -->
