<?xml version="1.0" encoding="UTF-8"?>
<testng-results skipped="0" failed="0" ignored="0" total="4" passed="4">
  <reporter-output>
  </reporter-output>
  <suite name="Default suite" duration-ms="351" started-at="2018-04-16T08:43:06Z" finished-at="2018-04-16T08:43:07Z">
    <groups>
    </groups>
    <test name="Default test" duration-ms="351" started-at="2018-04-16T08:43:06Z" finished-at="2018-04-16T08:43:07Z">
      <class name="com.test.apiautomation.LoginAPITest">
        <test-method status="PASS" signature="readConfig()[pri:0, instance:com.test.apiautomation.LoginAPITest@46d56d67]" name="readConfig" is-config="true" duration-ms="88" started-at="2018-04-16T08:43:06Z" finished-at="2018-04-16T08:43:06Z">
          <reporter-output>
          </reporter-output>
        </test-method> <!-- readConfig -->
        <test-method status="PASS" signature="loginTest(java.util.HashMap)[pri:0, instance:com.test.apiautomation.LoginAPITest@46d56d67]" name="loginTest" duration-ms="110" started-at="2018-04-16T08:43:06Z" data-provider="getTestData" finished-at="2018-04-16T08:43:06Z">
          <params>
            <param index="0">
              <value>
                <![CDATA[{password=1234, key=1122, username=abc}]]>
              </value>
            </param>
          </params>
          <reporter-output>
          </reporter-output>
        </test-method> <!-- loginTest -->
        <test-method status="PASS" signature="loginTest(java.util.HashMap)[pri:0, instance:com.test.apiautomation.LoginAPITest@46d56d67]" name="loginTest" duration-ms="37" started-at="2018-04-16T08:43:06Z" data-provider="getTestData" finished-at="2018-04-16T08:43:06Z">
          <params>
            <param index="0">
              <value>
                <![CDATA[{password=1234, key=1133, username=def}]]>
              </value>
            </param>
          </params>
          <reporter-output>
          </reporter-output>
        </test-method> <!-- loginTest -->
        <test-method status="PASS" signature="loginTest(java.util.HashMap)[pri:0, instance:com.test.apiautomation.LoginAPITest@46d56d67]" name="loginTest" duration-ms="18" started-at="2018-04-16T08:43:07Z" data-provider="getTestData" finished-at="2018-04-16T08:43:07Z">
          <params>
            <param index="0">
              <value>
                <![CDATA[{password=1234, username=ghi}]]>
              </value>
            </param>
          </params>
          <reporter-output>
          </reporter-output>
        </test-method> <!-- loginTest -->
        <test-method status="PASS" signature="loginTest(java.util.HashMap)[pri:0, instance:com.test.apiautomation.LoginAPITest@46d56d67]" name="loginTest" duration-ms="8" started-at="2018-04-16T08:43:07Z" data-provider="getTestData" finished-at="2018-04-16T08:43:07Z">
          <params>
            <param index="0">
              <value>
                <![CDATA[{password=1234, key=1144, username=jkl}]]>
              </value>
            </param>
          </params>
          <reporter-output>
          </reporter-output>
        </test-method> <!-- loginTest -->
      </class> <!-- com.test.apiautomation.LoginAPITest -->
    </test> <!-- Default test -->
  </suite> <!-- Default suite -->
</testng-results>
